2023-05-25 19:55:49 error: Error: Authorization header missing
    at decodeToken (/Users/hammam/KULIAH/Capstone-Bangkit/capstone-project/src/middlewares/auth.js:6:11)
    at module.exports (/Users/hammam/KULIAH/Capstone-Bangkit/capstone-project/src/middlewares/auth.js:19:25)
    at Layer.handle [as handle_request] (/Users/hammam/KULIAH/Capstone-Bangkit/capstone-project/node_modules/express/lib/router/layer.js:95:5)
    at trim_prefix (/Users/hammam/KULIAH/Capstone-Bangkit/capstone-project/node_modules/express/lib/router/index.js:317:13)
    at /Users/hammam/KULIAH/Capstone-Bangkit/capstone-project/node_modules/express/lib/router/index.js:284:7
    at Function.process_params (/Users/hammam/KULIAH/Capstone-Bangkit/capstone-project/node_modules/express/lib/router/index.js:335:12)
    at next (/Users/hammam/KULIAH/Capstone-Bangkit/capstone-project/node_modules/express/lib/router/index.js:275:10)
    at Function.handle (/Users/hammam/KULIAH/Capstone-Bangkit/capstone-project/node_modules/express/lib/router/index.js:174:3)
    at router (/Users/hammam/KULIAH/Capstone-Bangkit/capstone-project/node_modules/express/lib/router/index.js:47:12)
    at Layer.handle [as handle_request] (/Users/hammam/KULIAH/Capstone-Bangkit/capstone-project/node_modules/express/lib/router/layer.js:95:5) Authorization header missing
 {
  "status": 403,
  "service": "capstone-project-service"
}
2023-05-25 19:59:19 error: Error: Authorization header missing
    at decodeToken (/Users/hammam/KULIAH/Capstone-Bangkit/capstone-project/src/middlewares/auth.js:6:11)
    at module.exports (/Users/hammam/KULIAH/Capstone-Bangkit/capstone-project/src/middlewares/auth.js:19:25)
    at Layer.handle [as handle_request] (/Users/hammam/KULIAH/Capstone-Bangkit/capstone-project/node_modules/express/lib/router/layer.js:95:5)
    at trim_prefix (/Users/hammam/KULIAH/Capstone-Bangkit/capstone-project/node_modules/express/lib/router/index.js:317:13)
    at /Users/hammam/KULIAH/Capstone-Bangkit/capstone-project/node_modules/express/lib/router/index.js:284:7
    at Function.process_params (/Users/hammam/KULIAH/Capstone-Bangkit/capstone-project/node_modules/express/lib/router/index.js:335:12)
    at next (/Users/hammam/KULIAH/Capstone-Bangkit/capstone-project/node_modules/express/lib/router/index.js:275:10)
    at Function.handle (/Users/hammam/KULIAH/Capstone-Bangkit/capstone-project/node_modules/express/lib/router/index.js:174:3)
    at router (/Users/hammam/KULIAH/Capstone-Bangkit/capstone-project/node_modules/express/lib/router/index.js:47:12)
    at Layer.handle [as handle_request] (/Users/hammam/KULIAH/Capstone-Bangkit/capstone-project/node_modules/express/lib/router/layer.js:95:5) Authorization header missing
 {
  "status": 403,
  "service": "capstone-project-service"
}
2023-05-25 19:59:38 error: Error: Not Found: POST /users/register
    at module.exports (/Users/hammam/KULIAH/Capstone-Bangkit/capstone-project/src/middlewares/notfound-handler.js:5:17)
    at Layer.handle [as handle_request] (/Users/hammam/KULIAH/Capstone-Bangkit/capstone-project/node_modules/express/lib/router/layer.js:95:5)
    at trim_prefix (/Users/hammam/KULIAH/Capstone-Bangkit/capstone-project/node_modules/express/lib/router/index.js:317:13)
    at /Users/hammam/KULIAH/Capstone-Bangkit/capstone-project/node_modules/express/lib/router/index.js:284:7
    at Function.process_params (/Users/hammam/KULIAH/Capstone-Bangkit/capstone-project/node_modules/express/lib/router/index.js:335:12)
    at next (/Users/hammam/KULIAH/Capstone-Bangkit/capstone-project/node_modules/express/lib/router/index.js:275:10)
    at /Users/hammam/KULIAH/Capstone-Bangkit/capstone-project/node_modules/express/lib/router/index.js:635:15
    at next (/Users/hammam/KULIAH/Capstone-Bangkit/capstone-project/node_modules/express/lib/router/index.js:260:14)
    at Function.handle (/Users/hammam/KULIAH/Capstone-Bangkit/capstone-project/node_modules/express/lib/router/index.js:174:3)
    at router (/Users/hammam/KULIAH/Capstone-Bangkit/capstone-project/node_modules/express/lib/router/index.js:47:12) Not Found: POST /users/register
 {
  "status": 404,
  "service": "capstone-project-service"
}
2023-05-25 19:59:54 error: TypeError: validator is not a function
    at /Users/hammam/KULIAH/Capstone-Bangkit/capstone-project/src/middlewares/validator-callback.js:9:28
    at Layer.handle [as handle_request] (/Users/hammam/KULIAH/Capstone-Bangkit/capstone-project/node_modules/express/lib/router/layer.js:95:5)
    at next (/Users/hammam/KULIAH/Capstone-Bangkit/capstone-project/node_modules/express/lib/router/route.js:137:13)
    at Route.dispatch (/Users/hammam/KULIAH/Capstone-Bangkit/capstone-project/node_modules/express/lib/router/route.js:112:3)
    at Layer.handle [as handle_request] (/Users/hammam/KULIAH/Capstone-Bangkit/capstone-project/node_modules/express/lib/router/layer.js:95:5)
    at /Users/hammam/KULIAH/Capstone-Bangkit/capstone-project/node_modules/express/lib/router/index.js:281:22
    at Function.process_params (/Users/hammam/KULIAH/Capstone-Bangkit/capstone-project/node_modules/express/lib/router/index.js:335:12)
    at next (/Users/hammam/KULIAH/Capstone-Bangkit/capstone-project/node_modules/express/lib/router/index.js:275:10)
    at Function.handle (/Users/hammam/KULIAH/Capstone-Bangkit/capstone-project/node_modules/express/lib/router/index.js:174:3)
    at router (/Users/hammam/KULIAH/Capstone-Bangkit/capstone-project/node_modules/express/lib/router/index.js:47:12) validator is not a function
 {
  "service": "capstone-project-service"
}
2023-05-25 20:08:00 error: Error: Password should be minimum eight characters, at least one letter and one number
    at /Users/hammam/KULIAH/Capstone-Bangkit/capstone-project/src/middlewares/validator-callback.js:11:11
    at Layer.handle [as handle_request] (/Users/hammam/KULIAH/Capstone-Bangkit/capstone-project/node_modules/express/lib/router/layer.js:95:5)
    at next (/Users/hammam/KULIAH/Capstone-Bangkit/capstone-project/node_modules/express/lib/router/route.js:137:13)
    at Route.dispatch (/Users/hammam/KULIAH/Capstone-Bangkit/capstone-project/node_modules/express/lib/router/route.js:112:3)
    at Layer.handle [as handle_request] (/Users/hammam/KULIAH/Capstone-Bangkit/capstone-project/node_modules/express/lib/router/layer.js:95:5)
    at /Users/hammam/KULIAH/Capstone-Bangkit/capstone-project/node_modules/express/lib/router/index.js:281:22
    at Function.process_params (/Users/hammam/KULIAH/Capstone-Bangkit/capstone-project/node_modules/express/lib/router/index.js:335:12)
    at next (/Users/hammam/KULIAH/Capstone-Bangkit/capstone-project/node_modules/express/lib/router/index.js:275:10)
    at Function.handle (/Users/hammam/KULIAH/Capstone-Bangkit/capstone-project/node_modules/express/lib/router/index.js:174:3)
    at router (/Users/hammam/KULIAH/Capstone-Bangkit/capstone-project/node_modules/express/lib/router/index.js:47:12) Password should be minimum eight characters, at least one letter and one number
 {
  "status": 400,
  "service": "capstone-project-service"
}
2023-05-25 20:08:22 error: TypeError: controller is not a function
    at /Users/hammam/KULIAH/Capstone-Bangkit/capstone-project/src/middlewares/express-callback.js:19:32
    at Layer.handle [as handle_request] (/Users/hammam/KULIAH/Capstone-Bangkit/capstone-project/node_modules/express/lib/router/layer.js:95:5)
    at next (/Users/hammam/KULIAH/Capstone-Bangkit/capstone-project/node_modules/express/lib/router/route.js:137:13)
    at /Users/hammam/KULIAH/Capstone-Bangkit/capstone-project/src/middlewares/validator-callback.js:14:10
    at Layer.handle [as handle_request] (/Users/hammam/KULIAH/Capstone-Bangkit/capstone-project/node_modules/express/lib/router/layer.js:95:5)
    at next (/Users/hammam/KULIAH/Capstone-Bangkit/capstone-project/node_modules/express/lib/router/route.js:137:13)
    at Route.dispatch (/Users/hammam/KULIAH/Capstone-Bangkit/capstone-project/node_modules/express/lib/router/route.js:112:3)
    at Layer.handle [as handle_request] (/Users/hammam/KULIAH/Capstone-Bangkit/capstone-project/node_modules/express/lib/router/layer.js:95:5)
    at /Users/hammam/KULIAH/Capstone-Bangkit/capstone-project/node_modules/express/lib/router/index.js:281:22
    at Function.process_params (/Users/hammam/KULIAH/Capstone-Bangkit/capstone-project/node_modules/express/lib/router/index.js:335:12) controller is not a function
 {
  "service": "capstone-project-service"
}
2023-05-25 20:12:29 error: TypeError: controller is not a function
    at /Users/hammam/KULIAH/Capstone-Bangkit/capstone-project/src/middlewares/express-callback.js:19:32
    at Layer.handle [as handle_request] (/Users/hammam/KULIAH/Capstone-Bangkit/capstone-project/node_modules/express/lib/router/layer.js:95:5)
    at next (/Users/hammam/KULIAH/Capstone-Bangkit/capstone-project/node_modules/express/lib/router/route.js:137:13)
    at /Users/hammam/KULIAH/Capstone-Bangkit/capstone-project/src/middlewares/validator-callback.js:14:10
    at Layer.handle [as handle_request] (/Users/hammam/KULIAH/Capstone-Bangkit/capstone-project/node_modules/express/lib/router/layer.js:95:5)
    at next (/Users/hammam/KULIAH/Capstone-Bangkit/capstone-project/node_modules/express/lib/router/route.js:137:13)
    at Route.dispatch (/Users/hammam/KULIAH/Capstone-Bangkit/capstone-project/node_modules/express/lib/router/route.js:112:3)
    at Layer.handle [as handle_request] (/Users/hammam/KULIAH/Capstone-Bangkit/capstone-project/node_modules/express/lib/router/layer.js:95:5)
    at /Users/hammam/KULIAH/Capstone-Bangkit/capstone-project/node_modules/express/lib/router/index.js:281:22
    at Function.process_params (/Users/hammam/KULIAH/Capstone-Bangkit/capstone-project/node_modules/express/lib/router/index.js:335:12) controller is not a function
 {
  "service": "capstone-project-service"
}
2023-05-25 20:18:38 error: SequelizeConnectionError: connect ETIMEDOUT
    at ConnectionManager.connect (/Users/hammam/KULIAH/Capstone-Bangkit/capstone-project/node_modules/sequelize/lib/dialects/mysql/connection-manager.js:102:17)
    at process.processTicksAndRejections (node:internal/process/task_queues:95:5)
    at async ConnectionManager._connect (/Users/hammam/KULIAH/Capstone-Bangkit/capstone-project/node_modules/sequelize/lib/dialects/abstract/connection-manager.js:222:24) connect ETIMEDOUT
 {
  "name": "SequelizeConnectionError",
  "parent": {
    "errorno": "ETIMEDOUT",
    "code": "ETIMEDOUT",
    "syscall": "connect",
    "fatal": true
  },
  "original": {
    "errorno": "ETIMEDOUT",
    "code": "ETIMEDOUT",
    "syscall": "connect",
    "fatal": true
  },
  "service": "capstone-project-service"
}
2023-05-25 20:23:47 error: RangeError [ERR_HTTP_INVALID_STATUS_CODE]: Invalid status code: undefined
    at new NodeError (node:internal/errors:399:5)
    at ServerResponse.writeHead (node:_http_server:339:11)
    at ServerResponse.writeHead (/Users/hammam/KULIAH/Capstone-Bangkit/capstone-project/node_modules/on-headers/index.js:44:26)
    at ServerResponse._implicitHeader (node:_http_server:330:8)
    at write_ (node:_http_outgoing:907:9)
    at ServerResponse.end (node:_http_outgoing:1015:5)
    at res.end (/Users/hammam/KULIAH/Capstone-Bangkit/capstone-project/node_modules/express-winston/index.js:317:17)
    at ServerResponse.send (/Users/hammam/KULIAH/Capstone-Bangkit/capstone-project/node_modules/express/lib/response.js:221:10)
    at ServerResponse.json (/Users/hammam/KULIAH/Capstone-Bangkit/capstone-project/node_modules/express/lib/response.js:267:15)
    at ServerResponse.send (/Users/hammam/KULIAH/Capstone-Bangkit/capstone-project/node_modules/express/lib/response.js:158:21) Invalid status code: undefined
 {
  "code": "ERR_HTTP_INVALID_STATUS_CODE",
  "service": "capstone-project-service"
}
2023-05-25 20:27:28 error: RangeError [ERR_HTTP_INVALID_STATUS_CODE]: Invalid status code: undefined
    at new NodeError (node:internal/errors:399:5)
    at ServerResponse.writeHead (node:_http_server:339:11)
    at ServerResponse.writeHead (/Users/hammam/KULIAH/Capstone-Bangkit/capstone-project/node_modules/on-headers/index.js:44:26)
    at ServerResponse._implicitHeader (node:_http_server:330:8)
    at write_ (node:_http_outgoing:907:9)
    at ServerResponse.end (node:_http_outgoing:1015:5)
    at res.end (/Users/hammam/KULIAH/Capstone-Bangkit/capstone-project/node_modules/express-winston/index.js:317:17)
    at ServerResponse.send (/Users/hammam/KULIAH/Capstone-Bangkit/capstone-project/node_modules/express/lib/response.js:221:10)
    at ServerResponse.json (/Users/hammam/KULIAH/Capstone-Bangkit/capstone-project/node_modules/express/lib/response.js:267:15)
    at ServerResponse.send (/Users/hammam/KULIAH/Capstone-Bangkit/capstone-project/node_modules/express/lib/response.js:158:21) Invalid status code: undefined
 {
  "code": "ERR_HTTP_INVALID_STATUS_CODE",
  "service": "capstone-project-service"
}
2023-05-25 20:27:43 error: RangeError [ERR_HTTP_INVALID_STATUS_CODE]: Invalid status code: undefined
    at new NodeError (node:internal/errors:399:5)
    at ServerResponse.writeHead (node:_http_server:339:11)
    at ServerResponse.writeHead (/Users/hammam/KULIAH/Capstone-Bangkit/capstone-project/node_modules/on-headers/index.js:44:26)
    at ServerResponse._implicitHeader (node:_http_server:330:8)
    at write_ (node:_http_outgoing:907:9)
    at ServerResponse.end (node:_http_outgoing:1015:5)
    at res.end (/Users/hammam/KULIAH/Capstone-Bangkit/capstone-project/node_modules/express-winston/index.js:317:17)
    at ServerResponse.send (/Users/hammam/KULIAH/Capstone-Bangkit/capstone-project/node_modules/express/lib/response.js:221:10)
    at ServerResponse.json (/Users/hammam/KULIAH/Capstone-Bangkit/capstone-project/node_modules/express/lib/response.js:267:15)
    at ServerResponse.send (/Users/hammam/KULIAH/Capstone-Bangkit/capstone-project/node_modules/express/lib/response.js:158:21) Invalid status code: undefined
 {
  "code": "ERR_HTTP_INVALID_STATUS_CODE",
  "service": "capstone-project-service"
}
2023-05-26 00:01:00 error: RangeError [ERR_HTTP_INVALID_STATUS_CODE]: Invalid status code: undefined
    at new NodeError (node:internal/errors:399:5)
    at ServerResponse.writeHead (node:_http_server:339:11)
    at ServerResponse._implicitHeader (node:_http_server:330:8)
    at write_ (node:_http_outgoing:907:9)
    at ServerResponse.end (node:_http_outgoing:1015:5)
    at res.end (/Users/hammam/KULIAH/Capstone-Bangkit/capstone-project/node_modules/express-winston/index.js:317:17)
    at ServerResponse.send (/Users/hammam/KULIAH/Capstone-Bangkit/capstone-project/node_modules/express/lib/response.js:221:10)
    at ServerResponse.json (/Users/hammam/KULIAH/Capstone-Bangkit/capstone-project/node_modules/express/lib/response.js:267:15)
    at ServerResponse.send (/Users/hammam/KULIAH/Capstone-Bangkit/capstone-project/node_modules/express/lib/response.js:158:21)
    at /Users/hammam/KULIAH/Capstone-Bangkit/capstone-project/src/middlewares/express-callback.js:21:48 Invalid status code: undefined
 {
  "code": "ERR_HTTP_INVALID_STATUS_CODE",
  "service": "capstone-project-service"
}
2023-05-26 00:09:18 error: RangeError [ERR_HTTP_INVALID_STATUS_CODE]: Invalid status code: undefined
    at new NodeError (node:internal/errors:399:5)
    at ServerResponse.writeHead (node:_http_server:339:11)
    at ServerResponse._implicitHeader (node:_http_server:330:8)
    at write_ (node:_http_outgoing:907:9)
    at ServerResponse.end (node:_http_outgoing:1015:5)
    at res.end (/Users/hammam/KULIAH/Capstone-Bangkit/capstone-project/node_modules/express-winston/index.js:317:17)
    at ServerResponse.send (/Users/hammam/KULIAH/Capstone-Bangkit/capstone-project/node_modules/express/lib/response.js:221:10)
    at ServerResponse.json (/Users/hammam/KULIAH/Capstone-Bangkit/capstone-project/node_modules/express/lib/response.js:267:15)
    at ServerResponse.send (/Users/hammam/KULIAH/Capstone-Bangkit/capstone-project/node_modules/express/lib/response.js:158:21)
    at /Users/hammam/KULIAH/Capstone-Bangkit/capstone-project/src/middlewares/express-callback.js:21:48 Invalid status code: undefined
 {
  "code": "ERR_HTTP_INVALID_STATUS_CODE",
  "service": "capstone-project-service"
}
2023-05-26 00:11:07 error: RangeError [ERR_HTTP_INVALID_STATUS_CODE]: Invalid status code: undefined
    at new NodeError (node:internal/errors:399:5)
    at ServerResponse.writeHead (node:_http_server:339:11)
    at ServerResponse._implicitHeader (node:_http_server:330:8)
    at write_ (node:_http_outgoing:907:9)
    at ServerResponse.end (node:_http_outgoing:1015:5)
    at res.end (/Users/hammam/KULIAH/Capstone-Bangkit/capstone-project/node_modules/express-winston/index.js:317:17)
    at ServerResponse.send (/Users/hammam/KULIAH/Capstone-Bangkit/capstone-project/node_modules/express/lib/response.js:221:10)
    at ServerResponse.json (/Users/hammam/KULIAH/Capstone-Bangkit/capstone-project/node_modules/express/lib/response.js:267:15)
    at ServerResponse.send (/Users/hammam/KULIAH/Capstone-Bangkit/capstone-project/node_modules/express/lib/response.js:158:21)
    at /Users/hammam/KULIAH/Capstone-Bangkit/capstone-project/src/middlewares/express-callback.js:21:48 Invalid status code: undefined
 {
  "code": "ERR_HTTP_INVALID_STATUS_CODE",
  "service": "capstone-project-service"
}
2023-05-26 00:20:14 error: Error: Not Found: POST /users/login
    at module.exports (/Users/hammam/KULIAH/Capstone-Bangkit/capstone-project/src/middlewares/notfound-handler.js:5:17)
    at Layer.handle [as handle_request] (/Users/hammam/KULIAH/Capstone-Bangkit/capstone-project/node_modules/express/lib/router/layer.js:95:5)
    at trim_prefix (/Users/hammam/KULIAH/Capstone-Bangkit/capstone-project/node_modules/express/lib/router/index.js:317:13)
    at /Users/hammam/KULIAH/Capstone-Bangkit/capstone-project/node_modules/express/lib/router/index.js:284:7
    at Function.process_params (/Users/hammam/KULIAH/Capstone-Bangkit/capstone-project/node_modules/express/lib/router/index.js:335:12)
    at next (/Users/hammam/KULIAH/Capstone-Bangkit/capstone-project/node_modules/express/lib/router/index.js:275:10)
    at /Users/hammam/KULIAH/Capstone-Bangkit/capstone-project/node_modules/express/lib/router/index.js:635:15
    at next (/Users/hammam/KULIAH/Capstone-Bangkit/capstone-project/node_modules/express/lib/router/index.js:260:14)
    at Function.handle (/Users/hammam/KULIAH/Capstone-Bangkit/capstone-project/node_modules/express/lib/router/index.js:174:3)
    at router (/Users/hammam/KULIAH/Capstone-Bangkit/capstone-project/node_modules/express/lib/router/index.js:47:12) Not Found: POST /users/login
 {
  "status": 404,
  "service": "capstone-project-service"
}
2023-05-26 00:20:27 error: SequelizeEagerLoadingError: User is not associated to User!
    at User._getIncludedAssociation (/Users/hammam/KULIAH/Capstone-Bangkit/capstone-project/node_modules/sequelize/lib/model.js:565:13)
    at User._validateIncludedElement (/Users/hammam/KULIAH/Capstone-Bangkit/capstone-project/node_modules/sequelize/lib/model.js:502:53)
    at /Users/hammam/KULIAH/Capstone-Bangkit/capstone-project/node_modules/sequelize/lib/model.js:421:37
    at Array.map (<anonymous>)
    at User._validateIncludedElements (/Users/hammam/KULIAH/Capstone-Bangkit/capstone-project/node_modules/sequelize/lib/model.js:417:39)
    at User.findAll (/Users/hammam/KULIAH/Capstone-Bangkit/capstone-project/node_modules/sequelize/lib/model.js:1124:12)
    at process.processTicksAndRejections (node:internal/process/task_queues:95:5)
    at async User.findOne (/Users/hammam/KULIAH/Capstone-Bangkit/capstone-project/node_modules/sequelize/lib/model.js:1240:12)
    at async postAuth (/Users/hammam/KULIAH/Capstone-Bangkit/capstone-project/src/app/auth/auth.controller.js:10:12)
    at async /Users/hammam/KULIAH/Capstone-Bangkit/capstone-project/src/middlewares/express-callback.js:19:26 User is not associated to User!
 {
  "name": "SequelizeEagerLoadingError",
  "service": "capstone-project-service"
}
2023-05-26 00:34:00 error: Error: Not Found: POST /auth/login
    at module.exports (/Users/hammam/KULIAH/Capstone-Bangkit/capstone-project/src/middlewares/notfound-handler.js:5:17)
    at Layer.handle [as handle_request] (/Users/hammam/KULIAH/Capstone-Bangkit/capstone-project/node_modules/express/lib/router/layer.js:95:5)
    at trim_prefix (/Users/hammam/KULIAH/Capstone-Bangkit/capstone-project/node_modules/express/lib/router/index.js:317:13)
    at /Users/hammam/KULIAH/Capstone-Bangkit/capstone-project/node_modules/express/lib/router/index.js:284:7
    at Function.process_params (/Users/hammam/KULIAH/Capstone-Bangkit/capstone-project/node_modules/express/lib/router/index.js:335:12)
    at next (/Users/hammam/KULIAH/Capstone-Bangkit/capstone-project/node_modules/express/lib/router/index.js:275:10)
    at /Users/hammam/KULIAH/Capstone-Bangkit/capstone-project/node_modules/express-winston/index.js:429:9
    at Layer.handle [as handle_request] (/Users/hammam/KULIAH/Capstone-Bangkit/capstone-project/node_modules/express/lib/router/layer.js:95:5)
    at trim_prefix (/Users/hammam/KULIAH/Capstone-Bangkit/capstone-project/node_modules/express/lib/router/index.js:317:13)
    at /Users/hammam/KULIAH/Capstone-Bangkit/capstone-project/node_modules/express/lib/router/index.js:284:7 Not Found: POST /auth/login
 {
  "status": 404,
  "service": "capstone-project-service"
}
2023-05-26 00:34:07 error: TypeError: validator is not a function
    at /Users/hammam/KULIAH/Capstone-Bangkit/capstone-project/src/middlewares/validator-callback.js:9:28
    at Layer.handle [as handle_request] (/Users/hammam/KULIAH/Capstone-Bangkit/capstone-project/node_modules/express/lib/router/layer.js:95:5)
    at next (/Users/hammam/KULIAH/Capstone-Bangkit/capstone-project/node_modules/express/lib/router/route.js:137:13)
    at Route.dispatch (/Users/hammam/KULIAH/Capstone-Bangkit/capstone-project/node_modules/express/lib/router/route.js:112:3)
    at Layer.handle [as handle_request] (/Users/hammam/KULIAH/Capstone-Bangkit/capstone-project/node_modules/express/lib/router/layer.js:95:5)
    at /Users/hammam/KULIAH/Capstone-Bangkit/capstone-project/node_modules/express/lib/router/index.js:281:22
    at Function.process_params (/Users/hammam/KULIAH/Capstone-Bangkit/capstone-project/node_modules/express/lib/router/index.js:335:12)
    at next (/Users/hammam/KULIAH/Capstone-Bangkit/capstone-project/node_modules/express/lib/router/index.js:275:10)
    at Function.handle (/Users/hammam/KULIAH/Capstone-Bangkit/capstone-project/node_modules/express/lib/router/index.js:174:3)
    at router (/Users/hammam/KULIAH/Capstone-Bangkit/capstone-project/node_modules/express/lib/router/index.js:47:12) validator is not a function
 {
  "service": "capstone-project-service"
}
2023-05-26 00:34:22 error: Error: secretOrPrivateKey must have a value
    at module.exports [as sign] (/Users/hammam/KULIAH/Capstone-Bangkit/capstone-project/node_modules/jsonwebtoken/sign.js:105:20)
    at Object.generateAccessToken (/Users/hammam/KULIAH/Capstone-Bangkit/capstone-project/src/tokenize/TokenManager.js:6:27)
    at loginUser (/Users/hammam/KULIAH/Capstone-Bangkit/capstone-project/src/app/users/users.controller.js:22:42)
    at async /Users/hammam/KULIAH/Capstone-Bangkit/capstone-project/src/middlewares/express-callback.js:19:26 secretOrPrivateKey must have a value
 {
  "service": "capstone-project-service"
}
2023-05-26 00:36:52 error: Error: secretOrPrivateKey must have a value
    at module.exports [as sign] (/Users/hammam/KULIAH/Capstone-Bangkit/capstone-project/node_modules/jsonwebtoken/sign.js:105:20)
    at Object.generateAccessToken (/Users/hammam/KULIAH/Capstone-Bangkit/capstone-project/src/tokenize/TokenManager.js:7:27)
    at loginUser (/Users/hammam/KULIAH/Capstone-Bangkit/capstone-project/src/app/users/users.controller.js:22:42)
    at async /Users/hammam/KULIAH/Capstone-Bangkit/capstone-project/src/middlewares/express-callback.js:19:26 secretOrPrivateKey must have a value
 {
  "service": "capstone-project-service"
}
2023-05-26 09:17:50 error: Error: secretOrPrivateKey must have a value
    at module.exports [as sign] (/Users/hammam/KULIAH/Capstone-Bangkit/capstone-project/node_modules/jsonwebtoken/sign.js:105:20)
    at Object.generateAccessToken (/Users/hammam/KULIAH/Capstone-Bangkit/capstone-project/src/tokenize/TokenManager.js:7:27)
    at loginUser (/Users/hammam/KULIAH/Capstone-Bangkit/capstone-project/src/app/users/users.controller.js:32:42)
    at async /Users/hammam/KULIAH/Capstone-Bangkit/capstone-project/src/middlewares/express-callback.js:19:26 secretOrPrivateKey must have a value
 {
  "service": "capstone-project-service"
}
2023-05-26 09:20:31 error: Error: secretOrPrivateKey must have a value
    at module.exports [as sign] (/Users/hammam/KULIAH/Capstone-Bangkit/capstone-project/node_modules/jsonwebtoken/sign.js:105:20)
    at Object.generateAccessToken (/Users/hammam/KULIAH/Capstone-Bangkit/capstone-project/src/tokenize/TokenManager.js:6:27)
    at loginUser (/Users/hammam/KULIAH/Capstone-Bangkit/capstone-project/src/app/users/users.controller.js:32:42)
    at async /Users/hammam/KULIAH/Capstone-Bangkit/capstone-project/src/middlewares/express-callback.js:19:26 secretOrPrivateKey must have a value
 {
  "service": "capstone-project-service"
}
2023-05-26 09:21:12 error: RangeError [ERR_HTTP_INVALID_STATUS_CODE]: Invalid status code: undefined
    at new NodeError (node:internal/errors:399:5)
    at ServerResponse.writeHead (node:_http_server:339:11)
    at ServerResponse._implicitHeader (node:_http_server:330:8)
    at write_ (node:_http_outgoing:907:9)
    at ServerResponse.end (node:_http_outgoing:1015:5)
    at res.end (/Users/hammam/KULIAH/Capstone-Bangkit/capstone-project/node_modules/express-winston/index.js:317:17)
    at ServerResponse.send (/Users/hammam/KULIAH/Capstone-Bangkit/capstone-project/node_modules/express/lib/response.js:221:10)
    at ServerResponse.json (/Users/hammam/KULIAH/Capstone-Bangkit/capstone-project/node_modules/express/lib/response.js:267:15)
    at ServerResponse.send (/Users/hammam/KULIAH/Capstone-Bangkit/capstone-project/node_modules/express/lib/response.js:158:21)
    at /Users/hammam/KULIAH/Capstone-Bangkit/capstone-project/src/middlewares/express-callback.js:21:48 Invalid status code: undefined
 {
  "code": "ERR_HTTP_INVALID_STATUS_CODE",
  "service": "capstone-project-service"
}
2023-05-26 09:22:47 error: Error: "expiresIn" should be a number of seconds or string representing a timespan
    at /Users/hammam/KULIAH/Capstone-Bangkit/capstone-project/node_modules/jsonwebtoken/sign.js:50:15
    at Array.forEach (<anonymous>)
    at validate (/Users/hammam/KULIAH/Capstone-Bangkit/capstone-project/node_modules/jsonwebtoken/sign.js:41:6)
    at validateOptions (/Users/hammam/KULIAH/Capstone-Bangkit/capstone-project/node_modules/jsonwebtoken/sign.js:56:10)
    at module.exports [as sign] (/Users/hammam/KULIAH/Capstone-Bangkit/capstone-project/node_modules/jsonwebtoken/sign.js:165:5)
    at Object.generateRefreshToken (/Users/hammam/KULIAH/Capstone-Bangkit/capstone-project/src/tokenize/TokenManager.js:13:27)
    at loginUser (/Users/hammam/KULIAH/Capstone-Bangkit/capstone-project/src/app/users/users.controller.js:33:43)
    at async /Users/hammam/KULIAH/Capstone-Bangkit/capstone-project/src/middlewares/express-callback.js:19:26 "expiresIn" should be a number of seconds or string representing a timespan
 {
  "service": "capstone-project-service"
}
2023-05-26 09:24:17 error: Error: "expiresIn" should be a number of seconds or string representing a timespan
    at /Users/hammam/KULIAH/Capstone-Bangkit/capstone-project/node_modules/jsonwebtoken/sign.js:50:15
    at Array.forEach (<anonymous>)
    at validate (/Users/hammam/KULIAH/Capstone-Bangkit/capstone-project/node_modules/jsonwebtoken/sign.js:41:6)
    at validateOptions (/Users/hammam/KULIAH/Capstone-Bangkit/capstone-project/node_modules/jsonwebtoken/sign.js:56:10)
    at module.exports [as sign] (/Users/hammam/KULIAH/Capstone-Bangkit/capstone-project/node_modules/jsonwebtoken/sign.js:165:5)
    at Object.generateRefreshToken (/Users/hammam/KULIAH/Capstone-Bangkit/capstone-project/src/tokenize/TokenManager.js:13:27)
    at loginUser (/Users/hammam/KULIAH/Capstone-Bangkit/capstone-project/src/app/users/users.controller.js:33:43)
    at async /Users/hammam/KULIAH/Capstone-Bangkit/capstone-project/src/middlewares/express-callback.js:19:26 "expiresIn" should be a number of seconds or string representing a timespan
 {
  "service": "capstone-project-service"
}
2023-05-26 09:24:18 error: Error: "expiresIn" should be a number of seconds or string representing a timespan
    at /Users/hammam/KULIAH/Capstone-Bangkit/capstone-project/node_modules/jsonwebtoken/sign.js:50:15
    at Array.forEach (<anonymous>)
    at validate (/Users/hammam/KULIAH/Capstone-Bangkit/capstone-project/node_modules/jsonwebtoken/sign.js:41:6)
    at validateOptions (/Users/hammam/KULIAH/Capstone-Bangkit/capstone-project/node_modules/jsonwebtoken/sign.js:56:10)
    at module.exports [as sign] (/Users/hammam/KULIAH/Capstone-Bangkit/capstone-project/node_modules/jsonwebtoken/sign.js:165:5)
    at Object.generateRefreshToken (/Users/hammam/KULIAH/Capstone-Bangkit/capstone-project/src/tokenize/TokenManager.js:13:27)
    at loginUser (/Users/hammam/KULIAH/Capstone-Bangkit/capstone-project/src/app/users/users.controller.js:33:43)
    at async /Users/hammam/KULIAH/Capstone-Bangkit/capstone-project/src/middlewares/express-callback.js:19:26 "expiresIn" should be a number of seconds or string representing a timespan
 {
  "service": "capstone-project-service"
}
2023-05-26 09:27:17 error: RangeError [ERR_HTTP_INVALID_STATUS_CODE]: Invalid status code: undefined
    at new NodeError (node:internal/errors:399:5)
    at ServerResponse.writeHead (node:_http_server:339:11)
    at ServerResponse._implicitHeader (node:_http_server:330:8)
    at write_ (node:_http_outgoing:907:9)
    at ServerResponse.end (node:_http_outgoing:1015:5)
    at res.end (/Users/hammam/KULIAH/Capstone-Bangkit/capstone-project/node_modules/express-winston/index.js:317:17)
    at ServerResponse.send (/Users/hammam/KULIAH/Capstone-Bangkit/capstone-project/node_modules/express/lib/response.js:221:10)
    at ServerResponse.json (/Users/hammam/KULIAH/Capstone-Bangkit/capstone-project/node_modules/express/lib/response.js:267:15)
    at ServerResponse.send (/Users/hammam/KULIAH/Capstone-Bangkit/capstone-project/node_modules/express/lib/response.js:158:21)
    at /Users/hammam/KULIAH/Capstone-Bangkit/capstone-project/src/middlewares/express-callback.js:21:48 Invalid status code: undefined
 {
  "code": "ERR_HTTP_INVALID_STATUS_CODE",
  "service": "capstone-project-service"
}
2023-05-26 09:32:31 error: RangeError [ERR_HTTP_INVALID_STATUS_CODE]: Invalid status code: undefined
    at new NodeError (node:internal/errors:399:5)
    at ServerResponse.writeHead (node:_http_server:339:11)
    at ServerResponse._implicitHeader (node:_http_server:330:8)
    at write_ (node:_http_outgoing:907:9)
    at ServerResponse.end (node:_http_outgoing:1015:5)
    at res.end (/Users/hammam/KULIAH/Capstone-Bangkit/capstone-project/node_modules/express-winston/index.js:317:17)
    at ServerResponse.send (/Users/hammam/KULIAH/Capstone-Bangkit/capstone-project/node_modules/express/lib/response.js:221:10)
    at ServerResponse.json (/Users/hammam/KULIAH/Capstone-Bangkit/capstone-project/node_modules/express/lib/response.js:267:15)
    at ServerResponse.send (/Users/hammam/KULIAH/Capstone-Bangkit/capstone-project/node_modules/express/lib/response.js:158:21)
    at /Users/hammam/KULIAH/Capstone-Bangkit/capstone-project/src/middlewares/express-callback.js:21:48 Invalid status code: undefined
 {
  "code": "ERR_HTTP_INVALID_STATUS_CODE",
  "service": "capstone-project-service"
}
2023-05-26 09:35:24 error: RangeError [ERR_HTTP_INVALID_STATUS_CODE]: Invalid status code: undefined
    at new NodeError (node:internal/errors:399:5)
    at ServerResponse.writeHead (node:_http_server:339:11)
    at ServerResponse._implicitHeader (node:_http_server:330:8)
    at write_ (node:_http_outgoing:907:9)
    at ServerResponse.end (node:_http_outgoing:1015:5)
    at res.end (/Users/hammam/KULIAH/Capstone-Bangkit/capstone-project/node_modules/express-winston/index.js:317:17)
    at ServerResponse.send (/Users/hammam/KULIAH/Capstone-Bangkit/capstone-project/node_modules/express/lib/response.js:221:10)
    at ServerResponse.json (/Users/hammam/KULIAH/Capstone-Bangkit/capstone-project/node_modules/express/lib/response.js:267:15)
    at ServerResponse.send (/Users/hammam/KULIAH/Capstone-Bangkit/capstone-project/node_modules/express/lib/response.js:158:21)
    at /Users/hammam/KULIAH/Capstone-Bangkit/capstone-project/src/middlewares/express-callback.js:21:48 Invalid status code: undefined
 {
  "code": "ERR_HTTP_INVALID_STATUS_CODE",
  "service": "capstone-project-service"
}
2023-05-26 09:35:25 error: RangeError [ERR_HTTP_INVALID_STATUS_CODE]: Invalid status code: undefined
    at new NodeError (node:internal/errors:399:5)
    at ServerResponse.writeHead (node:_http_server:339:11)
    at ServerResponse._implicitHeader (node:_http_server:330:8)
    at write_ (node:_http_outgoing:907:9)
    at ServerResponse.end (node:_http_outgoing:1015:5)
    at res.end (/Users/hammam/KULIAH/Capstone-Bangkit/capstone-project/node_modules/express-winston/index.js:317:17)
    at ServerResponse.send (/Users/hammam/KULIAH/Capstone-Bangkit/capstone-project/node_modules/express/lib/response.js:221:10)
    at ServerResponse.json (/Users/hammam/KULIAH/Capstone-Bangkit/capstone-project/node_modules/express/lib/response.js:267:15)
    at ServerResponse.send (/Users/hammam/KULIAH/Capstone-Bangkit/capstone-project/node_modules/express/lib/response.js:158:21)
    at /Users/hammam/KULIAH/Capstone-Bangkit/capstone-project/src/middlewares/express-callback.js:21:48 Invalid status code: undefined
 {
  "code": "ERR_HTTP_INVALID_STATUS_CODE",
  "service": "capstone-project-service"
}
2023-05-26 09:37:14 error: RangeError [ERR_HTTP_INVALID_STATUS_CODE]: Invalid status code: undefined
    at new NodeError (node:internal/errors:399:5)
    at ServerResponse.writeHead (node:_http_server:339:11)
    at ServerResponse._implicitHeader (node:_http_server:330:8)
    at write_ (node:_http_outgoing:907:9)
    at ServerResponse.end (node:_http_outgoing:1015:5)
    at res.end (/Users/hammam/KULIAH/Capstone-Bangkit/capstone-project/node_modules/express-winston/index.js:317:17)
    at ServerResponse.send (/Users/hammam/KULIAH/Capstone-Bangkit/capstone-project/node_modules/express/lib/response.js:221:10)
    at ServerResponse.json (/Users/hammam/KULIAH/Capstone-Bangkit/capstone-project/node_modules/express/lib/response.js:267:15)
    at ServerResponse.send (/Users/hammam/KULIAH/Capstone-Bangkit/capstone-project/node_modules/express/lib/response.js:158:21)
    at /Users/hammam/KULIAH/Capstone-Bangkit/capstone-project/src/middlewares/express-callback.js:20:48 Invalid status code: undefined
 {
  "code": "ERR_HTTP_INVALID_STATUS_CODE",
  "service": "capstone-project-service"
}
2023-05-26 09:42:20 error: RangeError [ERR_HTTP_INVALID_STATUS_CODE]: Invalid status code: undefined
    at new NodeError (node:internal/errors:399:5)
    at ServerResponse.writeHead (node:_http_server:339:11)
    at ServerResponse._implicitHeader (node:_http_server:330:8)
    at write_ (node:_http_outgoing:907:9)
    at ServerResponse.end (node:_http_outgoing:1015:5)
    at res.end (/Users/hammam/KULIAH/Capstone-Bangkit/capstone-project/node_modules/express-winston/index.js:317:17)
    at ServerResponse.send (/Users/hammam/KULIAH/Capstone-Bangkit/capstone-project/node_modules/express/lib/response.js:221:10)
    at ServerResponse.json (/Users/hammam/KULIAH/Capstone-Bangkit/capstone-project/node_modules/express/lib/response.js:267:15)
    at ServerResponse.send (/Users/hammam/KULIAH/Capstone-Bangkit/capstone-project/node_modules/express/lib/response.js:158:21)
    at /Users/hammam/KULIAH/Capstone-Bangkit/capstone-project/src/middlewares/express-callback.js:22:41 Invalid status code: undefined
 {
  "code": "ERR_HTTP_INVALID_STATUS_CODE",
  "service": "capstone-project-service"
}
2023-05-29 18:49:57 error: SequelizeEagerLoadingError: User is not associated to User!
    at User._getIncludedAssociation (/Users/hammam/KULIAH/Capstone-Bangkit/capstone-project/node_modules/sequelize/lib/model.js:565:13)
    at User._validateIncludedElement (/Users/hammam/KULIAH/Capstone-Bangkit/capstone-project/node_modules/sequelize/lib/model.js:502:53)
    at /Users/hammam/KULIAH/Capstone-Bangkit/capstone-project/node_modules/sequelize/lib/model.js:421:37
    at Array.map (<anonymous>)
    at User._validateIncludedElements (/Users/hammam/KULIAH/Capstone-Bangkit/capstone-project/node_modules/sequelize/lib/model.js:417:39)
    at User.findAll (/Users/hammam/KULIAH/Capstone-Bangkit/capstone-project/node_modules/sequelize/lib/model.js:1124:12)
    at async getAllUsers (/Users/hammam/KULIAH/Capstone-Bangkit/capstone-project/src/app/users/users.controller.js:50:23)
    at async /Users/hammam/KULIAH/Capstone-Bangkit/capstone-project/src/middlewares/express-callback.js:17:26 User is not associated to User!
 {
  "name": "SequelizeEagerLoadingError",
  "service": "capstone-project-service"
}
2023-05-29 18:50:52 error: SequelizeEagerLoadingError: User is not associated to User!
    at User._getIncludedAssociation (/Users/hammam/KULIAH/Capstone-Bangkit/capstone-project/node_modules/sequelize/lib/model.js:565:13)
    at User._validateIncludedElement (/Users/hammam/KULIAH/Capstone-Bangkit/capstone-project/node_modules/sequelize/lib/model.js:502:53)
    at /Users/hammam/KULIAH/Capstone-Bangkit/capstone-project/node_modules/sequelize/lib/model.js:421:37
    at Array.map (<anonymous>)
    at User._validateIncludedElements (/Users/hammam/KULIAH/Capstone-Bangkit/capstone-project/node_modules/sequelize/lib/model.js:417:39)
    at User.findAll (/Users/hammam/KULIAH/Capstone-Bangkit/capstone-project/node_modules/sequelize/lib/model.js:1124:12)
    at async getAllUsers (/Users/hammam/KULIAH/Capstone-Bangkit/capstone-project/src/app/users/users.controller.js:50:23)
    at async /Users/hammam/KULIAH/Capstone-Bangkit/capstone-project/src/middlewares/express-callback.js:17:26 User is not associated to User!
 {
  "name": "SequelizeEagerLoadingError",
  "service": "capstone-project-service"
}
2023-05-29 18:55:07 error: SequelizeEagerLoadingError: User is not associated to User!
    at User._getIncludedAssociation (/Users/hammam/KULIAH/Capstone-Bangkit/capstone-project/node_modules/sequelize/lib/model.js:565:13)
    at User._validateIncludedElement (/Users/hammam/KULIAH/Capstone-Bangkit/capstone-project/node_modules/sequelize/lib/model.js:502:53)
    at /Users/hammam/KULIAH/Capstone-Bangkit/capstone-project/node_modules/sequelize/lib/model.js:421:37
    at Array.map (<anonymous>)
    at User._validateIncludedElements (/Users/hammam/KULIAH/Capstone-Bangkit/capstone-project/node_modules/sequelize/lib/model.js:417:39)
    at User.findAll (/Users/hammam/KULIAH/Capstone-Bangkit/capstone-project/node_modules/sequelize/lib/model.js:1124:12)
    at async getAllUsers (/Users/hammam/KULIAH/Capstone-Bangkit/capstone-project/src/app/users/users.controller.js:50:23)
    at async /Users/hammam/KULIAH/Capstone-Bangkit/capstone-project/src/middlewares/express-callback.js:17:26 User is not associated to User!
 {
  "name": "SequelizeEagerLoadingError",
  "service": "capstone-project-service"
}
2023-06-03 23:29:42 error: Error: Authorization header missing
    at decodeToken (/Users/hammam/KULIAH/Capstone-Bangkit/capstone-project/src/middlewares/auth.js:6:11)
    at module.exports (/Users/hammam/KULIAH/Capstone-Bangkit/capstone-project/src/middlewares/auth.js:19:25)
    at Layer.handle [as handle_request] (/Users/hammam/KULIAH/Capstone-Bangkit/capstone-project/node_modules/express/lib/router/layer.js:95:5)
    at trim_prefix (/Users/hammam/KULIAH/Capstone-Bangkit/capstone-project/node_modules/express/lib/router/index.js:317:13)
    at /Users/hammam/KULIAH/Capstone-Bangkit/capstone-project/node_modules/express/lib/router/index.js:284:7
    at Function.process_params (/Users/hammam/KULIAH/Capstone-Bangkit/capstone-project/node_modules/express/lib/router/index.js:335:12)
    at next (/Users/hammam/KULIAH/Capstone-Bangkit/capstone-project/node_modules/express/lib/router/index.js:275:10)
    at Function.handle (/Users/hammam/KULIAH/Capstone-Bangkit/capstone-project/node_modules/express/lib/router/index.js:174:3)
    at router (/Users/hammam/KULIAH/Capstone-Bangkit/capstone-project/node_modules/express/lib/router/index.js:47:12)
    at Layer.handle [as handle_request] (/Users/hammam/KULIAH/Capstone-Bangkit/capstone-project/node_modules/express/lib/router/layer.js:95:5) Authorization header missing
 {
  "status": 403,
  "service": "capstone-project-service"
}
2023-06-03 23:30:22 error: SequelizeConnectionError: Unknown database 'capstone'
    at ConnectionManager.connect (/Users/hammam/KULIAH/Capstone-Bangkit/capstone-project/node_modules/sequelize/lib/dialects/mysql/connection-manager.js:102:17)
    at process.processTicksAndRejections (node:internal/process/task_queues:95:5)
    at async ConnectionManager._connect (/Users/hammam/KULIAH/Capstone-Bangkit/capstone-project/node_modules/sequelize/lib/dialects/abstract/connection-manager.js:222:24)
    at async /Users/hammam/KULIAH/Capstone-Bangkit/capstone-project/node_modules/sequelize/lib/dialects/abstract/connection-manager.js:174:32
    at async ConnectionManager.getConnection (/Users/hammam/KULIAH/Capstone-Bangkit/capstone-project/node_modules/sequelize/lib/dialects/abstract/connection-manager.js:197:7)
    at async /Users/hammam/KULIAH/Capstone-Bangkit/capstone-project/node_modules/sequelize/lib/sequelize.js:305:26
    at async MySQLQueryInterface.select (/Users/hammam/KULIAH/Capstone-Bangkit/capstone-project/node_modules/sequelize/lib/dialects/abstract/query-interface.js:407:12)
    at async User.findAll (/Users/hammam/KULIAH/Capstone-Bangkit/capstone-project/node_modules/sequelize/lib/model.js:1140:21)
    at async User.findOne (/Users/hammam/KULIAH/Capstone-Bangkit/capstone-project/node_modules/sequelize/lib/model.js:1240:12)
    at async Object.loginUser (/Users/hammam/KULIAH/Capstone-Bangkit/capstone-project/src/app/auth/auth.service.js:6:27) Unknown database 'capstone'
 {
  "name": "SequelizeConnectionError",
  "parent": {
    "code": "ER_BAD_DB_ERROR",
    "errno": 1049,
    "sqlState": "42000",
    "sqlMessage": "Unknown database 'capstone'"
  },
  "original": {
    "code": "ER_BAD_DB_ERROR",
    "errno": 1049,
    "sqlState": "42000",
    "sqlMessage": "Unknown database 'capstone'"
  },
  "service": "capstone-project-service"
}
2023-06-03 23:38:02 error: Error: User not found
    at Object.loginUser (/Users/hammam/KULIAH/Capstone-Bangkit/capstone-project/src/app/auth/auth.service.js:13:19)
    at process.processTicksAndRejections (node:internal/process/task_queues:95:5)
    at async loginUser (/Users/hammam/KULIAH/Capstone-Bangkit/capstone-project/src/app/auth/auth.controller.js:6:22)
    at async /Users/hammam/KULIAH/Capstone-Bangkit/capstone-project/src/middlewares/express-callback.js:17:26 User not found
 {
  "service": "capstone-project-service"
}
2023-06-03 23:38:17 error: Error: Authorization header missing
    at decodeToken (/Users/hammam/KULIAH/Capstone-Bangkit/capstone-project/src/middlewares/auth.js:6:11)
    at module.exports (/Users/hammam/KULIAH/Capstone-Bangkit/capstone-project/src/middlewares/auth.js:19:25)
    at Layer.handle [as handle_request] (/Users/hammam/KULIAH/Capstone-Bangkit/capstone-project/node_modules/express/lib/router/layer.js:95:5)
    at trim_prefix (/Users/hammam/KULIAH/Capstone-Bangkit/capstone-project/node_modules/express/lib/router/index.js:317:13)
    at /Users/hammam/KULIAH/Capstone-Bangkit/capstone-project/node_modules/express/lib/router/index.js:284:7
    at Function.process_params (/Users/hammam/KULIAH/Capstone-Bangkit/capstone-project/node_modules/express/lib/router/index.js:335:12)
    at next (/Users/hammam/KULIAH/Capstone-Bangkit/capstone-project/node_modules/express/lib/router/index.js:275:10)
    at Function.handle (/Users/hammam/KULIAH/Capstone-Bangkit/capstone-project/node_modules/express/lib/router/index.js:174:3)
    at router (/Users/hammam/KULIAH/Capstone-Bangkit/capstone-project/node_modules/express/lib/router/index.js:47:12)
    at Layer.handle [as handle_request] (/Users/hammam/KULIAH/Capstone-Bangkit/capstone-project/node_modules/express/lib/router/layer.js:95:5) Authorization header missing
 {
  "status": 403,
  "service": "capstone-project-service"
}
2023-06-03 23:41:23 error: Error: Authorization header missing
    at decodeToken (/Users/hammam/KULIAH/Capstone-Bangkit/capstone-project/src/middlewares/auth.js:6:11)
    at module.exports (/Users/hammam/KULIAH/Capstone-Bangkit/capstone-project/src/middlewares/auth.js:19:25)
    at Layer.handle [as handle_request] (/Users/hammam/KULIAH/Capstone-Bangkit/capstone-project/node_modules/express/lib/router/layer.js:95:5)
    at trim_prefix (/Users/hammam/KULIAH/Capstone-Bangkit/capstone-project/node_modules/express/lib/router/index.js:317:13)
    at /Users/hammam/KULIAH/Capstone-Bangkit/capstone-project/node_modules/express/lib/router/index.js:284:7
    at Function.process_params (/Users/hammam/KULIAH/Capstone-Bangkit/capstone-project/node_modules/express/lib/router/index.js:335:12)
    at next (/Users/hammam/KULIAH/Capstone-Bangkit/capstone-project/node_modules/express/lib/router/index.js:275:10)
    at Function.handle (/Users/hammam/KULIAH/Capstone-Bangkit/capstone-project/node_modules/express/lib/router/index.js:174:3)
    at router (/Users/hammam/KULIAH/Capstone-Bangkit/capstone-project/node_modules/express/lib/router/index.js:47:12)
    at Layer.handle [as handle_request] (/Users/hammam/KULIAH/Capstone-Bangkit/capstone-project/node_modules/express/lib/router/layer.js:95:5) Authorization header missing
 {
  "status": 403,
  "service": "capstone-project-service"
}
2023-06-03 23:41:39 error: TypeError: verifyAccessToken is not a function
    at decodeToken (/Users/hammam/KULIAH/Capstone-Bangkit/capstone-project/src/middlewares/auth.js:9:19)
    at module.exports (/Users/hammam/KULIAH/Capstone-Bangkit/capstone-project/src/middlewares/auth.js:19:25)
    at Layer.handle [as handle_request] (/Users/hammam/KULIAH/Capstone-Bangkit/capstone-project/node_modules/express/lib/router/layer.js:95:5)
    at trim_prefix (/Users/hammam/KULIAH/Capstone-Bangkit/capstone-project/node_modules/express/lib/router/index.js:317:13)
    at /Users/hammam/KULIAH/Capstone-Bangkit/capstone-project/node_modules/express/lib/router/index.js:284:7
    at Function.process_params (/Users/hammam/KULIAH/Capstone-Bangkit/capstone-project/node_modules/express/lib/router/index.js:335:12)
    at next (/Users/hammam/KULIAH/Capstone-Bangkit/capstone-project/node_modules/express/lib/router/index.js:275:10)
    at Function.handle (/Users/hammam/KULIAH/Capstone-Bangkit/capstone-project/node_modules/express/lib/router/index.js:174:3)
    at router (/Users/hammam/KULIAH/Capstone-Bangkit/capstone-project/node_modules/express/lib/router/index.js:47:12)
    at Layer.handle [as handle_request] (/Users/hammam/KULIAH/Capstone-Bangkit/capstone-project/node_modules/express/lib/router/layer.js:95:5) verifyAccessToken is not a function
 {
  "service": "capstone-project-service"
}
2023-06-03 23:44:22 error: Error: Authorization header missing
    at decodeToken (/Users/hammam/KULIAH/Capstone-Bangkit/capstone-project/src/middlewares/auth.js:6:11)
    at module.exports (/Users/hammam/KULIAH/Capstone-Bangkit/capstone-project/src/middlewares/auth.js:19:25)
    at Layer.handle [as handle_request] (/Users/hammam/KULIAH/Capstone-Bangkit/capstone-project/node_modules/express/lib/router/layer.js:95:5)
    at trim_prefix (/Users/hammam/KULIAH/Capstone-Bangkit/capstone-project/node_modules/express/lib/router/index.js:317:13)
    at /Users/hammam/KULIAH/Capstone-Bangkit/capstone-project/node_modules/express/lib/router/index.js:284:7
    at Function.process_params (/Users/hammam/KULIAH/Capstone-Bangkit/capstone-project/node_modules/express/lib/router/index.js:335:12)
    at next (/Users/hammam/KULIAH/Capstone-Bangkit/capstone-project/node_modules/express/lib/router/index.js:275:10)
    at Function.handle (/Users/hammam/KULIAH/Capstone-Bangkit/capstone-project/node_modules/express/lib/router/index.js:174:3)
    at router (/Users/hammam/KULIAH/Capstone-Bangkit/capstone-project/node_modules/express/lib/router/index.js:47:12)
    at Layer.handle [as handle_request] (/Users/hammam/KULIAH/Capstone-Bangkit/capstone-project/node_modules/express/lib/router/layer.js:95:5) Authorization header missing
 {
  "status": 403,
  "service": "capstone-project-service"
}
